<?xml version="1.0" encoding="UTF-8"?>
<!-- Generated by org.testng.reporters.JUnitReportReporter -->
<testsuite hostname="TheLastMVK" failures="0" tests="2" name="com.authenticacion.runner.CucumberRunner" time="22.669" errors="0" timestamp="2024-07-30T00:01:49 PET" skipped="0">
  <testcase classname="com.authenticacion.runner.CucumberRunner" name="runScenario" time="6.956"/>
  <testcase classname="com.authenticacion.runner.CucumberRunner" name="runScenario" time="15.713"/>
</testsuite> <!-- com.authenticacion.runner.CucumberRunner -->
