<?xml version="1.0" encoding="UTF-8"?>
<!-- Generated by org.testng.reporters.JUnitReportReporter -->
<testsuite hostname="MAVERICK" failures="0" tests="1" name="com.authenticacion.runner.CucumberRunner" time="47.264" errors="0" timestamp="2025-04-10T13:40:48 PET" skipped="0">
  <testcase classname="com.authenticacion.runner.CucumberRunner" name="runScenario" time="47.264"/>
</testsuite> <!-- com.authenticacion.runner.CucumberRunner -->
